mode: set
mfawzanid/warehouse-commerce/core/usecase/auth-usecase.go:22.44,24.2 1 1
mfawzanid/warehouse-commerce/core/usecase/auth-usecase.go:30.82,37.16 3 1
mfawzanid/warehouse-commerce/core/usecase/auth-usecase.go:37.16,39.3 1 0
mfawzanid/warehouse-commerce/core/usecase/auth-usecase.go:41.2,41.25 1 1
mfawzanid/warehouse-commerce/core/usecase/auth-usecase.go:44.82,45.89 1 0
mfawzanid/warehouse-commerce/core/usecase/auth-usecase.go:45.89,47.3 1 0
mfawzanid/warehouse-commerce/core/usecase/auth-usecase.go:48.2,48.16 1 0
mfawzanid/warehouse-commerce/core/usecase/auth-usecase.go:48.16,50.3 1 0
mfawzanid/warehouse-commerce/core/usecase/auth-usecase.go:51.2,51.18 1 0
mfawzanid/warehouse-commerce/core/usecase/auth-usecase.go:51.18,53.3 1 0
mfawzanid/warehouse-commerce/core/usecase/auth-usecase.go:55.2,56.9 2 0
mfawzanid/warehouse-commerce/core/usecase/auth-usecase.go:56.9,58.3 1 0
mfawzanid/warehouse-commerce/core/usecase/auth-usecase.go:60.2,60.20 1 0
mfawzanid/warehouse-commerce/core/usecase/inventory-internal-usecase.go:9.81,13.16 2 0
mfawzanid/warehouse-commerce/core/usecase/inventory-internal-usecase.go:13.16,15.3 1 0
mfawzanid/warehouse-commerce/core/usecase/inventory-internal-usecase.go:17.2,17.43 1 0
mfawzanid/warehouse-commerce/core/usecase/inventory-internal-usecase.go:17.43,19.3 1 0
mfawzanid/warehouse-commerce/core/usecase/inventory-internal-usecase.go:21.2,21.121 1 0
mfawzanid/warehouse-commerce/core/usecase/inventory-internal-usecase.go:24.71,28.16 2 0
mfawzanid/warehouse-commerce/core/usecase/inventory-internal-usecase.go:28.16,30.3 1 0
mfawzanid/warehouse-commerce/core/usecase/inventory-internal-usecase.go:32.2,32.33 1 0
mfawzanid/warehouse-commerce/core/usecase/inventory-internal-usecase.go:32.33,34.3 1 0
mfawzanid/warehouse-commerce/core/usecase/inventory-internal-usecase.go:36.2,36.111 1 0
mfawzanid/warehouse-commerce/core/usecase/inventory-internal-usecase.go:39.77,41.16 2 0
mfawzanid/warehouse-commerce/core/usecase/inventory-internal-usecase.go:41.16,43.3 1 0
mfawzanid/warehouse-commerce/core/usecase/inventory-internal-usecase.go:45.2,45.24 1 0
mfawzanid/warehouse-commerce/core/usecase/inventory-usecase.go:35.107,39.2 1 1
mfawzanid/warehouse-commerce/core/usecase/inventory-usecase.go:47.96,48.39 1 1
mfawzanid/warehouse-commerce/core/usecase/inventory-usecase.go:48.39,50.3 1 1
mfawzanid/warehouse-commerce/core/usecase/inventory-usecase.go:52.2,53.16 2 1
mfawzanid/warehouse-commerce/core/usecase/inventory-usecase.go:53.16,55.3 1 0
mfawzanid/warehouse-commerce/core/usecase/inventory-usecase.go:57.2,62.67 2 1
mfawzanid/warehouse-commerce/core/usecase/inventory-usecase.go:62.67,63.42 1 0
mfawzanid/warehouse-commerce/core/usecase/inventory-usecase.go:63.42,66.18 2 0
mfawzanid/warehouse-commerce/core/usecase/inventory-usecase.go:66.18,68.5 1 0
mfawzanid/warehouse-commerce/core/usecase/inventory-usecase.go:70.4,70.27 1 0
mfawzanid/warehouse-commerce/core/usecase/inventory-usecase.go:71.9,73.4 1 0
mfawzanid/warehouse-commerce/core/usecase/inventory-usecase.go:76.2,76.26 1 1
mfawzanid/warehouse-commerce/core/usecase/inventory-usecase.go:79.98,81.2 1 1
mfawzanid/warehouse-commerce/core/usecase/inventory-usecase.go:83.115,87.39 3 1
mfawzanid/warehouse-commerce/core/usecase/inventory-usecase.go:87.39,89.3 1 0
mfawzanid/warehouse-commerce/core/usecase/inventory-usecase.go:91.2,91.43 1 1
mfawzanid/warehouse-commerce/core/usecase/inventory-usecase.go:94.86,95.39 1 1
mfawzanid/warehouse-commerce/core/usecase/inventory-usecase.go:95.39,97.3 1 1
mfawzanid/warehouse-commerce/core/usecase/inventory-usecase.go:99.2,100.16 2 1
mfawzanid/warehouse-commerce/core/usecase/inventory-usecase.go:100.16,102.3 1 0
mfawzanid/warehouse-commerce/core/usecase/inventory-usecase.go:104.2,109.56 2 1
mfawzanid/warehouse-commerce/core/usecase/inventory-usecase.go:109.56,110.42 1 0
mfawzanid/warehouse-commerce/core/usecase/inventory-usecase.go:110.42,113.18 2 0
mfawzanid/warehouse-commerce/core/usecase/inventory-usecase.go:113.18,115.5 1 0
mfawzanid/warehouse-commerce/core/usecase/inventory-usecase.go:117.4,117.22 1 0
mfawzanid/warehouse-commerce/core/usecase/inventory-usecase.go:118.9,120.4 1 0
mfawzanid/warehouse-commerce/core/usecase/inventory-usecase.go:123.2,123.21 1 1
mfawzanid/warehouse-commerce/core/usecase/inventory-usecase.go:126.100,127.39 1 1
mfawzanid/warehouse-commerce/core/usecase/inventory-usecase.go:127.39,129.3 1 0
mfawzanid/warehouse-commerce/core/usecase/inventory-usecase.go:131.2,131.38 1 1
mfawzanid/warehouse-commerce/core/usecase/inventory-usecase.go:134.100,139.16 2 1
mfawzanid/warehouse-commerce/core/usecase/inventory-usecase.go:139.16,141.3 1 1
mfawzanid/warehouse-commerce/core/usecase/inventory-usecase.go:142.2,142.34 1 1
mfawzanid/warehouse-commerce/core/usecase/inventory-usecase.go:142.34,144.3 1 0
mfawzanid/warehouse-commerce/core/usecase/inventory-usecase.go:147.2,150.16 2 1
mfawzanid/warehouse-commerce/core/usecase/inventory-usecase.go:150.16,152.3 1 1
mfawzanid/warehouse-commerce/core/usecase/inventory-usecase.go:153.2,153.44 1 1
mfawzanid/warehouse-commerce/core/usecase/inventory-usecase.go:153.44,155.3 1 0
mfawzanid/warehouse-commerce/core/usecase/inventory-usecase.go:157.2,157.50 1 1
mfawzanid/warehouse-commerce/core/usecase/inventory-usecase.go:160.92,161.39 1 1
mfawzanid/warehouse-commerce/core/usecase/inventory-usecase.go:161.39,163.3 1 1
mfawzanid/warehouse-commerce/core/usecase/inventory-usecase.go:166.2,169.16 2 1
mfawzanid/warehouse-commerce/core/usecase/inventory-usecase.go:169.16,171.3 1 1
mfawzanid/warehouse-commerce/core/usecase/inventory-usecase.go:172.2,172.44 1 1
mfawzanid/warehouse-commerce/core/usecase/inventory-usecase.go:172.44,174.3 1 0
mfawzanid/warehouse-commerce/core/usecase/inventory-usecase.go:176.2,177.16 2 1
mfawzanid/warehouse-commerce/core/usecase/inventory-usecase.go:177.16,179.3 1 0
mfawzanid/warehouse-commerce/core/usecase/inventory-usecase.go:181.2,182.16 2 1
mfawzanid/warehouse-commerce/core/usecase/inventory-usecase.go:182.16,184.3 1 0
mfawzanid/warehouse-commerce/core/usecase/inventory-usecase.go:186.2,186.15 1 1
mfawzanid/warehouse-commerce/core/usecase/inventory-usecase.go:186.15,188.3 1 1
mfawzanid/warehouse-commerce/core/usecase/inventory-usecase.go:190.2,194.17 1 1
mfawzanid/warehouse-commerce/core/usecase/inventory-usecase.go:194.17,195.42 1 1
mfawzanid/warehouse-commerce/core/usecase/inventory-usecase.go:195.42,198.18 2 0
mfawzanid/warehouse-commerce/core/usecase/inventory-usecase.go:198.18,200.5 1 0
mfawzanid/warehouse-commerce/core/usecase/inventory-usecase.go:202.4,202.25 1 0
mfawzanid/warehouse-commerce/core/usecase/inventory-usecase.go:203.9,205.4 1 1
mfawzanid/warehouse-commerce/core/usecase/inventory-usecase.go:208.2,212.17 1 1
mfawzanid/warehouse-commerce/core/usecase/inventory-usecase.go:212.17,214.3 1 1
mfawzanid/warehouse-commerce/core/usecase/inventory-usecase.go:216.2,216.23 1 1
mfawzanid/warehouse-commerce/core/usecase/inventory-usecase.go:219.106,221.2 1 1
mfawzanid/warehouse-commerce/core/usecase/inventory-usecase.go:223.86,224.39 1 1
mfawzanid/warehouse-commerce/core/usecase/inventory-usecase.go:224.39,226.3 1 1
mfawzanid/warehouse-commerce/core/usecase/inventory-usecase.go:229.2,232.16 2 1
mfawzanid/warehouse-commerce/core/usecase/inventory-usecase.go:232.16,234.3 1 1
mfawzanid/warehouse-commerce/core/usecase/inventory-usecase.go:235.2,235.44 1 1
mfawzanid/warehouse-commerce/core/usecase/inventory-usecase.go:235.44,237.3 1 0
mfawzanid/warehouse-commerce/core/usecase/inventory-usecase.go:240.2,244.16 2 1
mfawzanid/warehouse-commerce/core/usecase/inventory-usecase.go:244.16,246.3 1 1
mfawzanid/warehouse-commerce/core/usecase/inventory-usecase.go:247.2,247.39 1 1
mfawzanid/warehouse-commerce/core/usecase/inventory-usecase.go:247.39,249.3 1 0
mfawzanid/warehouse-commerce/core/usecase/inventory-usecase.go:251.2,253.29 3 1
mfawzanid/warehouse-commerce/core/usecase/inventory-usecase.go:253.29,255.3 1 1
mfawzanid/warehouse-commerce/core/usecase/inventory-usecase.go:257.2,258.16 2 1
mfawzanid/warehouse-commerce/core/usecase/inventory-usecase.go:258.16,260.3 1 0
mfawzanid/warehouse-commerce/core/usecase/inventory-usecase.go:262.2,262.15 1 1
mfawzanid/warehouse-commerce/core/usecase/inventory-usecase.go:262.15,264.3 1 1
mfawzanid/warehouse-commerce/core/usecase/inventory-usecase.go:266.2,270.17 1 1
mfawzanid/warehouse-commerce/core/usecase/inventory-usecase.go:270.17,272.3 1 1
mfawzanid/warehouse-commerce/core/usecase/inventory-usecase.go:274.2,278.17 1 1
mfawzanid/warehouse-commerce/core/usecase/inventory-usecase.go:278.17,280.3 1 1
mfawzanid/warehouse-commerce/core/usecase/inventory-usecase.go:282.2,282.12 1 1
mfawzanid/warehouse-commerce/core/usecase/transaction-internal-usecase.go:10.93,15.19 4 1
mfawzanid/warehouse-commerce/core/usecase/transaction-internal-usecase.go:15.19,17.3 1 1
mfawzanid/warehouse-commerce/core/usecase/transaction-internal-usecase.go:19.2,20.16 2 1
mfawzanid/warehouse-commerce/core/usecase/transaction-internal-usecase.go:20.16,22.3 1 1
mfawzanid/warehouse-commerce/core/usecase/transaction-internal-usecase.go:24.2,24.35 1 1
mfawzanid/warehouse-commerce/core/usecase/transaction-internal-usecase.go:24.35,26.3 1 0
mfawzanid/warehouse-commerce/core/usecase/transaction-internal-usecase.go:28.2,28.12 1 1
mfawzanid/warehouse-commerce/core/usecase/transaction-internal-usecase.go:31.126,33.33 2 1
mfawzanid/warehouse-commerce/core/usecase/transaction-internal-usecase.go:33.33,35.3 1 1
mfawzanid/warehouse-commerce/core/usecase/transaction-internal-usecase.go:37.2,41.16 2 1
mfawzanid/warehouse-commerce/core/usecase/transaction-internal-usecase.go:41.16,43.3 1 1
mfawzanid/warehouse-commerce/core/usecase/transaction-internal-usecase.go:44.2,44.64 1 1
mfawzanid/warehouse-commerce/core/usecase/transaction-internal-usecase.go:44.64,46.3 1 0
mfawzanid/warehouse-commerce/core/usecase/transaction-internal-usecase.go:48.2,49.69 2 1
mfawzanid/warehouse-commerce/core/usecase/transaction-internal-usecase.go:49.69,51.3 1 1
mfawzanid/warehouse-commerce/core/usecase/transaction-internal-usecase.go:53.2,53.30 1 1
mfawzanid/warehouse-commerce/core/usecase/transaction-internal-usecase.go:56.123,58.16 2 1
mfawzanid/warehouse-commerce/core/usecase/transaction-internal-usecase.go:58.16,60.3 1 1
mfawzanid/warehouse-commerce/core/usecase/transaction-internal-usecase.go:62.2,63.24 2 1
mfawzanid/warehouse-commerce/core/usecase/transaction-internal-usecase.go:63.24,65.3 1 0
mfawzanid/warehouse-commerce/core/usecase/transaction-internal-usecase.go:67.2,67.12 1 1
mfawzanid/warehouse-commerce/core/usecase/transaction-usecase.go:27.217,33.2 1 1
mfawzanid/warehouse-commerce/core/usecase/transaction-usecase.go:35.153,36.39 1 1
mfawzanid/warehouse-commerce/core/usecase/transaction-usecase.go:36.39,38.3 1 1
mfawzanid/warehouse-commerce/core/usecase/transaction-usecase.go:40.2,41.16 2 1
mfawzanid/warehouse-commerce/core/usecase/transaction-usecase.go:41.16,43.3 1 1
mfawzanid/warehouse-commerce/core/usecase/transaction-usecase.go:46.2,46.52 1 1
mfawzanid/warehouse-commerce/core/usecase/transaction-usecase.go:46.52,48.17 2 1
mfawzanid/warehouse-commerce/core/usecase/transaction-usecase.go:48.17,50.4 1 1
mfawzanid/warehouse-commerce/core/usecase/transaction-usecase.go:51.3,51.47 1 1
mfawzanid/warehouse-commerce/core/usecase/transaction-usecase.go:54.2,54.18 1 1
mfawzanid/warehouse-commerce/core/usecase/transaction-usecase.go:57.94,58.39 1 1
mfawzanid/warehouse-commerce/core/usecase/transaction-usecase.go:58.39,60.3 1 1
mfawzanid/warehouse-commerce/core/usecase/transaction-usecase.go:62.2,63.16 2 1
mfawzanid/warehouse-commerce/core/usecase/transaction-usecase.go:63.16,65.3 1 1
mfawzanid/warehouse-commerce/core/usecase/transaction-usecase.go:67.2,68.16 2 1
mfawzanid/warehouse-commerce/core/usecase/transaction-usecase.go:68.16,70.3 1 0
mfawzanid/warehouse-commerce/core/usecase/transaction-usecase.go:71.2,76.33 4 1
mfawzanid/warehouse-commerce/core/usecase/transaction-usecase.go:76.33,79.10 2 1
mfawzanid/warehouse-commerce/core/usecase/transaction-usecase.go:79.10,81.4 1 0
mfawzanid/warehouse-commerce/core/usecase/transaction-usecase.go:83.3,83.67 1 1
mfawzanid/warehouse-commerce/core/usecase/transaction-usecase.go:83.67,85.4 1 1
mfawzanid/warehouse-commerce/core/usecase/transaction-usecase.go:88.3,93.18 1 1
mfawzanid/warehouse-commerce/core/usecase/transaction-usecase.go:93.18,95.4 1 1
mfawzanid/warehouse-commerce/core/usecase/transaction-usecase.go:97.3,106.5 2 1
mfawzanid/warehouse-commerce/core/usecase/transaction-usecase.go:109.2,118.17 2 1
mfawzanid/warehouse-commerce/core/usecase/transaction-usecase.go:118.17,120.3 1 1
mfawzanid/warehouse-commerce/core/usecase/transaction-usecase.go:122.2,122.71 1 1
mfawzanid/warehouse-commerce/core/usecase/transaction-usecase.go:122.71,124.3 1 1
mfawzanid/warehouse-commerce/core/usecase/transaction-usecase.go:126.2,126.21 1 1
mfawzanid/warehouse-commerce/core/usecase/transaction-usecase.go:129.74,130.73 1 1
mfawzanid/warehouse-commerce/core/usecase/transaction-usecase.go:130.73,132.3 1 1
mfawzanid/warehouse-commerce/core/usecase/transaction-usecase.go:135.2,136.16 2 1
mfawzanid/warehouse-commerce/core/usecase/transaction-usecase.go:136.16,138.3 1 0
mfawzanid/warehouse-commerce/core/usecase/transaction-usecase.go:140.2,140.15 1 1
mfawzanid/warehouse-commerce/core/usecase/transaction-usecase.go:140.15,142.3 1 1
mfawzanid/warehouse-commerce/core/usecase/transaction-usecase.go:144.2,145.16 2 1
mfawzanid/warehouse-commerce/core/usecase/transaction-usecase.go:145.16,147.3 1 0
mfawzanid/warehouse-commerce/core/usecase/transaction-usecase.go:149.2,155.17 1 1
mfawzanid/warehouse-commerce/core/usecase/transaction-usecase.go:155.17,157.3 1 1
mfawzanid/warehouse-commerce/core/usecase/transaction-usecase.go:159.2,162.17 1 1
mfawzanid/warehouse-commerce/core/usecase/transaction-usecase.go:162.17,164.3 1 1
mfawzanid/warehouse-commerce/core/usecase/transaction-usecase.go:167.2,167.34 1 1
mfawzanid/warehouse-commerce/core/usecase/transaction-usecase.go:167.34,169.17 2 1
mfawzanid/warehouse-commerce/core/usecase/transaction-usecase.go:169.17,172.4 2 0
mfawzanid/warehouse-commerce/core/usecase/transaction-usecase.go:174.3,174.35 1 1
mfawzanid/warehouse-commerce/core/usecase/transaction-usecase.go:174.35,180.19 1 1
mfawzanid/warehouse-commerce/core/usecase/transaction-usecase.go:180.19,182.5 1 0
mfawzanid/warehouse-commerce/core/usecase/transaction-usecase.go:185.4,189.19 1 1
mfawzanid/warehouse-commerce/core/usecase/transaction-usecase.go:189.19,191.5 1 0
mfawzanid/warehouse-commerce/core/usecase/transaction-usecase.go:195.2,195.12 1 1
mfawzanid/warehouse-commerce/core/usecase/user-usecase.go:24.121,26.2 1 1
mfawzanid/warehouse-commerce/core/usecase/user-usecase.go:28.95,29.39 1 1
mfawzanid/warehouse-commerce/core/usecase/user-usecase.go:29.39,31.3 1 1
mfawzanid/warehouse-commerce/core/usecase/user-usecase.go:33.2,34.16 2 1
mfawzanid/warehouse-commerce/core/usecase/user-usecase.go:34.16,36.3 1 0
mfawzanid/warehouse-commerce/core/usecase/user-usecase.go:38.2,39.54 2 1
mfawzanid/warehouse-commerce/core/usecase/user-usecase.go:39.54,41.3 1 1
mfawzanid/warehouse-commerce/core/usecase/user-usecase.go:41.8,41.67 1 0
mfawzanid/warehouse-commerce/core/usecase/user-usecase.go:41.67,43.3 1 0
mfawzanid/warehouse-commerce/core/usecase/user-usecase.go:45.2,50.16 2 1
mfawzanid/warehouse-commerce/core/usecase/user-usecase.go:50.16,52.3 1 0
mfawzanid/warehouse-commerce/core/usecase/user-usecase.go:54.2,55.16 2 1
mfawzanid/warehouse-commerce/core/usecase/user-usecase.go:55.16,57.3 1 0
mfawzanid/warehouse-commerce/core/usecase/user-usecase.go:59.2,59.19 1 1
mfawzanid/warehouse-commerce/core/usecase/user-usecase.go:62.81,63.39 1 1
mfawzanid/warehouse-commerce/core/usecase/user-usecase.go:63.39,65.3 1 1
mfawzanid/warehouse-commerce/core/usecase/user-usecase.go:67.2,68.54 2 1
mfawzanid/warehouse-commerce/core/usecase/user-usecase.go:68.54,70.3 1 1
mfawzanid/warehouse-commerce/core/usecase/user-usecase.go:70.8,70.67 1 0
mfawzanid/warehouse-commerce/core/usecase/user-usecase.go:70.67,72.3 1 0
mfawzanid/warehouse-commerce/core/usecase/user-usecase.go:74.2,75.16 2 1
mfawzanid/warehouse-commerce/core/usecase/user-usecase.go:75.16,77.3 1 0
mfawzanid/warehouse-commerce/core/usecase/user-usecase.go:79.2,80.16 2 1
mfawzanid/warehouse-commerce/core/usecase/user-usecase.go:80.16,82.3 1 0
mfawzanid/warehouse-commerce/core/usecase/user-usecase.go:84.2,84.19 1 1
